<?xml version="1.0" encoding="UTF-8"?>
<!-- Generated by org.testng.reporters.JUnitXMLReporter -->
<testsuite ignored="0" hostname="115-109-205-92" failures="0" tests="2" name="TestQuote" time="26.459" errors="0" timestamp="2024-05-30T06:20:22 PDT">
  <testcase classname="geodisTenderCreate.TestcaseGeodisCreateTender" name="testDatabaseConnectionAndLogin" time="3.674"/>
  <testcase classname="geodisTenderCreate.TestcaseGeodisCreateTender" name="TestCreateTender" time="21.022"/>
</testsuite> <!-- TestQuote -->
