<?xml version="1.0" encoding="UTF-8"?>
<!-- Generated by org.testng.reporters.JUnitXMLReporter -->
<testsuite ignored="0" hostname="115-109-205-92" failures="0" tests="10" name="Default test" time="129.502" errors="0" timestamp="2024-05-29T07:30:16 PDT">
  <testcase classname="geodisclientdatacsv.ClientData" name="testClientData" time="16.392"/>
  <testcase classname="geodisclientdatacsv.ClientData" name="testClientData" time="12.248"/>
  <testcase classname="geodisclientdatacsv.ClientData" name="testClientData" time="12.241"/>
  <testcase classname="geodisclientdatacsv.ClientData" name="testClientData" time="12.561"/>
  <testcase classname="geodisclientdatacsv.ClientData" name="testClientData" time="11.764"/>
  <testcase classname="geodisclientdatacsv.ClientData" name="testClientData" time="12.095"/>
  <testcase classname="geodisclientdatacsv.ClientData" name="testClientData" time="11.771"/>
  <testcase classname="geodisclientdatacsv.ClientData" name="testClientData" time="12.23"/>
  <testcase classname="geodisclientdatacsv.ClientData" name="testClientData" time="14.301"/>
  <testcase classname="geodisclientdatacsv.ClientData" name="testClientData" time="12.469"/>
</testsuite> <!-- Default test -->
