<?xml version="1.0" encoding="UTF-8"?>
<!-- Generated by org.testng.reporters.JUnitXMLReporter -->
<testsuite ignored="0" hostname="115-109-205-92" failures="0" tests="10" name="TestResultClient" time="138.872" errors="0" timestamp="2024-05-29T08:32:24 PDT">
  <testcase classname="geodisclientdatacsv.ClientData" name="testClientData" time="15.146"/>
  <testcase classname="geodisclientdatacsv.ClientData" name="testClientData" time="15.208"/>
  <testcase classname="geodisclientdatacsv.ClientData" name="testClientData" time="11.883"/>
  <testcase classname="geodisclientdatacsv.ClientData" name="testClientData" time="20.451"/>
  <testcase classname="geodisclientdatacsv.ClientData" name="testClientData" time="13.021"/>
  <testcase classname="geodisclientdatacsv.ClientData" name="testClientData" time="11.661"/>
  <testcase classname="geodisclientdatacsv.ClientData" name="testClientData" time="12.93"/>
  <testcase classname="geodisclientdatacsv.ClientData" name="testClientData" time="12.165"/>
  <testcase classname="geodisclientdatacsv.ClientData" name="testClientData" time="12.188"/>
  <testcase classname="geodisclientdatacsv.ClientData" name="testClientData" time="12.554"/>
</testsuite> <!-- TestResultClient -->
