<?xml version="1.0" encoding="UTF-8"?>
<testng-results ignored="0" total="2" passed="2" failed="0" skipped="0">
  <reporter-output>
  </reporter-output>
  <suite started-at="2024-05-30T06:21:29 PDT" name="Default suite" finished-at="2024-05-30T06:22:18 PDT" duration-ms="48819">
    <groups>
    </groups>
    <test started-at="2024-05-30T06:21:29 PDT" name="Default test" finished-at="2024-05-30T06:22:18 PDT" duration-ms="48819">
      <class name="geodisTenderCreate.TestcaseGeodisCreateTender">
        <test-method is-config="true" signature="Configure()[pri:0, instance:geodisTenderCreate.TestcaseGeodisCreateTender@4f0100a7]" started-at="2024-05-30T06:21:29 PDT" name="Configure" finished-at="2024-05-30T06:21:31 PDT" duration-ms="1826" status="PASS">
          <reporter-output>
          </reporter-output>
        </test-method> <!-- Configure -->
        <test-method signature="testDatabaseConnectionAndLogin()[pri:1, instance:geodisTenderCreate.TestcaseGeodisCreateTender@4f0100a7]" started-at="2024-05-30T06:21:31 PDT" name="testDatabaseConnectionAndLogin" finished-at="2024-05-30T06:21:52 PDT" duration-ms="21294" status="PASS">
          <reporter-output>
          </reporter-output>
        </test-method> <!-- testDatabaseConnectionAndLogin -->
        <test-method signature="TestCreateTender()[pri:2, instance:geodisTenderCreate.TestcaseGeodisCreateTender@4f0100a7]" started-at="2024-05-30T06:21:52 PDT" name="TestCreateTender" finished-at="2024-05-30T06:22:18 PDT" duration-ms="25606" status="PASS">
          <reporter-output>
          </reporter-output>
        </test-method> <!-- TestCreateTender -->
        <test-method is-config="true" signature="tearDown()[pri:0, instance:geodisTenderCreate.TestcaseGeodisCreateTender@4f0100a7]" started-at="2024-05-30T06:22:18 PDT" name="tearDown" finished-at="2024-05-30T06:22:18 PDT" duration-ms="1" status="PASS">
          <reporter-output>
          </reporter-output>
        </test-method> <!-- tearDown -->
      </class> <!-- geodisTenderCreate.TestcaseGeodisCreateTender -->
    </test> <!-- Default test -->
  </suite> <!-- Default suite -->
</testng-results>
