<?xml version="1.0" encoding="UTF-8"?>
<!-- Generated by org.testng.reporters.JUnitXMLReporter -->
<testsuite ignored="0" hostname="115-109-205-92" failures="0" tests="3" name="Default test" time="37.781" errors="0" timestamp="2024-05-31T07:57:46 PDT">
  <testcase classname="geodisTenderCreate.TestcaseGeodisCreateTender" name="testDatabaseConnectionAndLogin" time="3.545"/>
  <testcase classname="geodisTenderCreate.TestcaseGeodisCreateTender" name="SearchTender" time="0.974"/>
  <testcase classname="geodisTenderCreate.TestcaseGeodisCreateTender" name="TestUpdateMapping" time="31.53"/>
</testsuite> <!-- Default test -->
