<?xml version="1.0" encoding="UTF-8"?>
<testng-results ignored="0" total="1" passed="1" failed="0" skipped="0">
  <reporter-output>
  </reporter-output>
  <suite started-at="2024-04-08T06:55:27Z" name="Default suite" finished-at="2024-04-08T06:56:07Z" duration-ms="40718">
    <groups>
    </groups>
    <test started-at="2024-04-08T06:55:27Z" name="Default test" finished-at="2024-04-08T06:56:07Z" duration-ms="40718">
      <class name="TestNGTest.TestNGDemo3">
        <test-method is-config="true" signature="setupTest()[pri:0, instance:TestNGTest.TestNGDemo3@5b1ebf56]" started-at="2024-04-08T07:55:27Z" name="setupTest" finished-at="2024-04-08T07:55:38Z" duration-ms="11639" status="PASS">
          <reporter-output>
          </reporter-output>
        </test-method> <!-- setupTest -->
        <test-method signature="googleSearch()[pri:0, instance:TestNGTest.TestNGDemo3@5b1ebf56]" started-at="2024-04-08T07:55:38Z" name="googleSearch" finished-at="2024-04-08T07:56:07Z" duration-ms="29050" status="PASS">
          <reporter-output>
          </reporter-output>
        </test-method> <!-- googleSearch -->
        <test-method is-config="true" signature="tearDownTest()[pri:0, instance:TestNGTest.TestNGDemo3@5b1ebf56]" started-at="2024-04-08T07:56:07Z" name="tearDownTest" finished-at="2024-04-08T07:56:07Z" duration-ms="1" status="PASS">
          <reporter-output>
          </reporter-output>
        </test-method> <!-- tearDownTest -->
      </class> <!-- TestNGTest.TestNGDemo3 -->
    </test> <!-- Default test -->
  </suite> <!-- Default suite -->
</testng-results>
