<?xml version="1.0" encoding="UTF-8"?>
<!-- Generated by org.testng.reporters.JUnitXMLReporter -->
<testsuite ignored="0" hostname="115-109-205-92" failures="0" tests="2" name="Default test" time="48.819" errors="0" timestamp="2024-05-30T06:22:18 PDT">
  <testcase classname="geodisTenderCreate.TestcaseGeodisCreateTender" name="testDatabaseConnectionAndLogin" time="21.294"/>
  <testcase classname="geodisTenderCreate.TestcaseGeodisCreateTender" name="TestCreateTender" time="25.606"/>
</testsuite> <!-- Default test -->
