<?xml version="1.0" encoding="UTF-8"?>
<testng-results ignored="0" total="3" passed="3" failed="0" skipped="0">
  <reporter-output>
  </reporter-output>
  <suite started-at="2024-05-31T07:57:09 PDT" name="Default suite" finished-at="2024-05-31T07:57:46 PDT" duration-ms="37781">
    <groups>
    </groups>
    <test started-at="2024-05-31T07:57:09 PDT" name="Default test" finished-at="2024-05-31T07:57:46 PDT" duration-ms="37781">
      <class name="geodisTenderCreate.TestcaseGeodisCreateTender">
        <test-method is-config="true" signature="Configure()[pri:0, instance:geodisTenderCreate.TestcaseGeodisCreateTender@13ad5cd3]" started-at="2024-05-31T07:57:09 PDT" name="Configure" finished-at="2024-05-31T07:57:10 PDT" duration-ms="1685" status="PASS">
          <reporter-output>
          </reporter-output>
        </test-method> <!-- Configure -->
        <test-method signature="testDatabaseConnectionAndLogin()[pri:1, instance:geodisTenderCreate.TestcaseGeodisCreateTender@13ad5cd3]" started-at="2024-05-31T07:57:10 PDT" name="testDatabaseConnectionAndLogin" finished-at="2024-05-31T07:57:14 PDT" duration-ms="3545" status="PASS">
          <reporter-output>
          </reporter-output>
        </test-method> <!-- testDatabaseConnectionAndLogin -->
        <test-method signature="SearchTender()[pri:2, instance:geodisTenderCreate.TestcaseGeodisCreateTender@13ad5cd3]" started-at="2024-05-31T07:57:14 PDT" name="SearchTender" finished-at="2024-05-31T07:57:15 PDT" duration-ms="974" status="PASS">
          <reporter-output>
          </reporter-output>
        </test-method> <!-- SearchTender -->
        <test-method signature="TestUpdateMapping()[pri:3, instance:geodisTenderCreate.TestcaseGeodisCreateTender@13ad5cd3]" started-at="2024-05-31T07:57:15 PDT" name="TestUpdateMapping" finished-at="2024-05-31T07:57:46 PDT" duration-ms="31530" status="PASS">
          <reporter-output>
          </reporter-output>
        </test-method> <!-- TestUpdateMapping -->
        <test-method is-config="true" signature="tearDown()[pri:0, instance:geodisTenderCreate.TestcaseGeodisCreateTender@13ad5cd3]" started-at="2024-05-31T07:57:46 PDT" name="tearDown" finished-at="2024-05-31T07:57:46 PDT" duration-ms="0" status="PASS">
          <reporter-output>
          </reporter-output>
        </test-method> <!-- tearDown -->
      </class> <!-- geodisTenderCreate.TestcaseGeodisCreateTender -->
    </test> <!-- Default test -->
  </suite> <!-- Default suite -->
</testng-results>
